<?xml version="1.0" encoding="UTF-8"?>
<!-- Generated by org.testng.reporters.JUnitXMLReporter -->
<testsuite ignored="0" hostname="DESKTOP-JS9TNSQ" failures="1" tests="1" name="Login Tests" time="3.406" errors="0" timestamp="2026-07-10T23:32:40 IST">
  <testcase classname="tests.LoginTest" name="verifyValidLogin" time="0.443">
    <failure type="java.lang.AssertionError" message="Login Failed! expected [Swag Lab] but found [Swag Labs]">
      <![CDATA[java.lang.AssertionError: Login Failed! expected [Swag Lab] but found [Swag Labs]
at tests.LoginTest.verifyValidLogin(LoginTest.java:26)
at java.base/java.util.ArrayList.forEach(ArrayList.java:1597)
... Removed 30 stack frames]]>
    </failure>
  </testcase> <!-- verifyValidLogin -->
</testsuite> <!-- Login Tests -->
